{"C:\\Users\\thara\\OneDrive\\Desktop\\devops_project\\server\\database\\index.js": {"path":"C:\\Users\\thara\\OneDrive\\Desktop\\devops_project\\server\\database\\index.js","statementMap":{"0":{"start":{"line":1,"column":22},"end":{"line":1,"column":42}},"1":{"start":{"line":3,"column":18},"end":{"line":12,"column":1}},"2":{"start":{"line":14,"column":0},"end":{"line":16,"column":3}},"3":{"start":{"line":15,"column":2},"end":{"line":15,"column":38}},"4":{"start":{"line":18,"column":0},"end":{"line":25,"column":5}},"5":{"start":{"line":19,"column":2},"end":{"line":24,"column":3}},"6":{"start":{"line":20,"column":4},"end":{"line":20,"column":35}},"7":{"start":{"line":21,"column":4},"end":{"line":21,"column":65}},"8":{"start":{"line":23,"column":4},"end":{"line":23,"column":63}},"9":{"start":{"line":27,"column":0},"end":{"line":27,"column":27}}},"fnMap":{"0":{"name":"(anonymous_0)","decl":{"start":{"line":14,"column":37},"end":{"line":14,"column":38}},"loc":{"start":{"line":14,"column":43},"end":{"line":16,"column":1}},"line":14},"1":{"name":"(anonymous_1)","decl":{"start":{"line":18,"column":1},"end":{"line":18,"column":2}},"loc":{"start":{"line":18,"column":13},"end":{"line":25,"column":1}},"line":18}},"branchMap":{},"s":{"0":0,"1":0,"2":0,"3":0,"4":0,"5":0,"6":0,"7":0,"8":0,"9":0},"f":{"0":0,"1":0},"b":{}}
,"C:\\Users\\thara\\OneDrive\\Desktop\\devops_project\\server\\middleware\\auth.js": {"path":"C:\\Users\\thara\\OneDrive\\Desktop\\devops_project\\server\\middleware\\auth.js","statementMap":{"0":{"start":{"line":1,"column":12},"end":{"line":1,"column":35}},"1":{"start":{"line":3,"column":0},"end":{"line":3,"column":22}},"2":{"start":{"line":7,"column":4},"end":{"line":9,"column":5}},"3":{"start":{"line":8,"column":8},"end":{"line":8,"column":24}},"4":{"start":{"line":11,"column":4},"end":{"line":37,"column":5}},"5":{"start":{"line":13,"column":22},"end":{"line":13,"column":48}},"6":{"start":{"line":16,"column":8},"end":{"line":20,"column":9}},"7":{"start":{"line":17,"column":12},"end":{"line":19,"column":15}},"8":{"start":{"line":23,"column":8},"end":{"line":36,"column":9}},"9":{"start":{"line":24,"column":28},"end":{"line":24,"column":68}},"10":{"start":{"line":25,"column":12},"end":{"line":25,"column":36}},"11":{"start":{"line":26,"column":12},"end":{"line":29,"column":13}},"12":{"start":{"line":28,"column":16},"end":{"line":28,"column":78}},"13":{"start":{"line":30,"column":12},"end":{"line":30,"column":19}},"14":{"start":{"line":32,"column":12},"end":{"line":32,"column":29}},"15":{"start":{"line":33,"column":12},"end":{"line":35,"column":15}}},"fnMap":{"0":{"name":"auth","decl":{"start":{"line":5,"column":9},"end":{"line":5,"column":13}},"loc":{"start":{"line":5,"column":26},"end":{"line":38,"column":1}},"line":5},"1":{"name":"(anonymous_1)","decl":{"start":{"line":11,"column":11},"end":{"line":11,"column":12}},"loc":{"start":{"line":11,"column":36},"end":{"line":37,"column":5}},"line":11}},"branchMap":{"0":{"loc":{"start":{"line":5,"column":14},"end":{"line":5,"column":24}},"type":"default-arg","locations":[{"start":{"line":5,"column":22},"end":{"line":5,"column":24}}],"line":5},"1":{"loc":{"start":{"line":7,"column":4},"end":{"line":9,"column":5}},"type":"if","locations":[{"start":{"line":7,"column":4},"end":{"line":9,"column":5}},{"start":{},"end":{}}],"line":7},"2":{"loc":{"start":{"line":16,"column":8},"end":{"line":20,"column":9}},"type":"if","locations":[{"start":{"line":16,"column":8},"end":{"line":20,"column":9}},{"start":{},"end":{}}],"line":16},"3":{"loc":{"start":{"line":26,"column":12},"end":{"line":29,"column":13}},"type":"if","locations":[{"start":{"line":26,"column":12},"end":{"line":29,"column":13}},{"start":{},"end":{}}],"line":26},"4":{"loc":{"start":{"line":26,"column":16},"end":{"line":26,"column":62}},"type":"binary-expr","locations":[{"start":{"line":26,"column":16},"end":{"line":26,"column":28}},{"start":{"line":26,"column":32},"end":{"line":26,"column":62}}],"line":26}},"s":{"0":0,"1":0,"2":0,"3":0,"4":0,"5":0,"6":0,"7":0,"8":0,"9":0,"10":0,"11":0,"12":0,"13":0,"14":0,"15":0},"f":{"0":0,"1":0},"b":{"0":[0],"1":[0,0],"2":[0,0],"3":[0,0],"4":[0,0]}}
,"C:\\Users\\thara\\OneDrive\\Desktop\\devops_project\\server\\models\\event.js": {"path":"C:\\Users\\thara\\OneDrive\\Desktop\\devops_project\\server\\models\\event.js","statementMap":{"0":{"start":{"line":1,"column":22},"end":{"line":1,"column":42}},"1":{"start":{"line":2,"column":18},"end":{"line":2,"column":40}},"2":{"start":{"line":4,"column":14},"end":{"line":35,"column":2}},"3":{"start":{"line":37,"column":0},"end":{"line":37,"column":23}}},"fnMap":{},"branchMap":{},"s":{"0":0,"1":0,"2":0,"3":0},"f":{},"b":{}}
,"C:\\Users\\thara\\OneDrive\\Desktop\\devops_project\\server\\models\\pledge.js": {"path":"C:\\Users\\thara\\OneDrive\\Desktop\\devops_project\\server\\models\\pledge.js","statementMap":{"0":{"start":{"line":1,"column":22},"end":{"line":1,"column":42}},"1":{"start":{"line":2,"column":18},"end":{"line":2,"column":40}},"2":{"start":{"line":4,"column":15},"end":{"line":12,"column":2}},"3":{"start":{"line":14,"column":0},"end":{"line":14,"column":24}}},"fnMap":{},"branchMap":{},"s":{"0":0,"1":0,"2":0,"3":0},"f":{},"b":{}}
,"C:\\Users\\thara\\OneDrive\\Desktop\\devops_project\\server\\models\\request.js": {"path":"C:\\Users\\thara\\OneDrive\\Desktop\\devops_project\\server\\models\\request.js","statementMap":{"0":{"start":{"line":1,"column":22},"end":{"line":1,"column":42}},"1":{"start":{"line":2,"column":18},"end":{"line":2,"column":40}},"2":{"start":{"line":4,"column":16},"end":{"line":16,"column":2}},"3":{"start":{"line":18,"column":0},"end":{"line":18,"column":25}}},"fnMap":{},"branchMap":{},"s":{"0":0,"1":0,"2":0,"3":0},"f":{},"b":{}}
,"C:\\Users\\thara\\OneDrive\\Desktop\\devops_project\\server\\models\\user.js": {"path":"C:\\Users\\thara\\OneDrive\\Desktop\\devops_project\\server\\models\\user.js","statementMap":{"0":{"start":{"line":1,"column":22},"end":{"line":1,"column":42}},"1":{"start":{"line":2,"column":18},"end":{"line":2,"column":40}},"2":{"start":{"line":4,"column":13},"end":{"line":25,"column":2}},"3":{"start":{"line":27,"column":0},"end":{"line":27,"column":22}}},"fnMap":{},"branchMap":{},"s":{"0":0,"1":0,"2":0,"3":0},"f":{},"b":{}}
,"C:\\Users\\thara\\OneDrive\\Desktop\\devops_project\\server\\routes\\admin.js": {"path":"C:\\Users\\thara\\OneDrive\\Desktop\\devops_project\\server\\routes\\admin.js","statementMap":{"0":{"start":{"line":1,"column":13},"end":{"line":1,"column":42}},"1":{"start":{"line":2,"column":14},"end":{"line":2,"column":40}},"2":{"start":{"line":3,"column":16},"end":{"line":3,"column":34}},"3":{"start":{"line":5,"column":15},"end":{"line":5,"column":31}},"4":{"start":{"line":10,"column":0},"end":{"line":17,"column":3}},"5":{"start":{"line":11,"column":4},"end":{"line":15,"column":6}},"6":{"start":{"line":13,"column":8},"end":{"line":13,"column":27}},"7":{"start":{"line":14,"column":8},"end":{"line":14,"column":71}},"8":{"start":{"line":22,"column":0},"end":{"line":43,"column":61}},"9":{"start":{"line":23,"column":86},"end":{"line":23,"column":94}},"10":{"start":{"line":32,"column":4},"end":{"line":35,"column":5}},"11":{"start":{"line":37,"column":19},"end":{"line":37,"column":105}},"12":{"start":{"line":43,"column":4},"end":{"line":43,"column":58}},"13":{"start":{"line":43,"column":20},"end":{"line":43,"column":58}},"14":{"start":{"line":49,"column":0},"end":{"line":68,"column":2}},"15":{"start":{"line":50,"column":88},"end":{"line":50,"column":96}},"16":{"start":{"line":52,"column":23},"end":{"line":60,"column":5}},"17":{"start":{"line":61,"column":8},"end":{"line":66,"column":7}},"18":{"start":{"line":63,"column":12},"end":{"line":63,"column":32}},"19":{"start":{"line":64,"column":12},"end":{"line":64,"column":70}},"20":{"start":{"line":73,"column":0},"end":{"line":84,"column":2}},"21":{"start":{"line":74,"column":25},"end":{"line":74,"column":33}},"22":{"start":{"line":76,"column":23},"end":{"line":76,"column":40}},"23":{"start":{"line":77,"column":8},"end":{"line":82,"column":7}},"24":{"start":{"line":79,"column":12},"end":{"line":79,"column":32}},"25":{"start":{"line":80,"column":12},"end":{"line":80,"column":70}},"26":{"start":{"line":89,"column":0},"end":{"line":96,"column":2}},"27":{"start":{"line":90,"column":25},"end":{"line":90,"column":33}},"28":{"start":{"line":91,"column":29},"end":{"line":91,"column":71}},"29":{"start":{"line":92,"column":4},"end":{"line":94,"column":5}},"30":{"start":{"line":93,"column":8},"end":{"line":93,"column":100}},"31":{"start":{"line":95,"column":4},"end":{"line":95,"column":54}},"32":{"start":{"line":101,"column":0},"end":{"line":111,"column":2}},"33":{"start":{"line":102,"column":25},"end":{"line":102,"column":33}},"34":{"start":{"line":104,"column":29},"end":{"line":104,"column":71}},"35":{"start":{"line":105,"column":4},"end":{"line":108,"column":5}},"36":{"start":{"line":106,"column":8},"end":{"line":106,"column":50}},"37":{"start":{"line":107,"column":8},"end":{"line":107,"column":65}},"38":{"start":{"line":110,"column":4},"end":{"line":110,"column":54}},"39":{"start":{"line":112,"column":0},"end":{"line":112,"column":24}}},"fnMap":{"0":{"name":"(anonymous_0)","decl":{"start":{"line":10,"column":38},"end":{"line":10,"column":39}},"loc":{"start":{"line":10,"column":58},"end":{"line":17,"column":1}},"line":10},"1":{"name":"(anonymous_1)","decl":{"start":{"line":11,"column":40},"end":{"line":11,"column":41}},"loc":{"start":{"line":11,"column":50},"end":{"line":15,"column":5}},"line":11},"2":{"name":"(anonymous_2)","decl":{"start":{"line":22,"column":46},"end":{"line":22,"column":47}},"loc":{"start":{"line":22,"column":65},"end":{"line":43,"column":60}},"line":22},"3":{"name":"(anonymous_3)","decl":{"start":{"line":49,"column":44},"end":{"line":49,"column":45}},"loc":{"start":{"line":49,"column":63},"end":{"line":68,"column":1}},"line":49},"4":{"name":"(anonymous_4)","decl":{"start":{"line":61,"column":79},"end":{"line":61,"column":80}},"loc":{"start":{"line":61,"column":91},"end":{"line":66,"column":5}},"line":61},"5":{"name":"(anonymous_5)","decl":{"start":{"line":73,"column":46},"end":{"line":73,"column":47}},"loc":{"start":{"line":73,"column":65},"end":{"line":84,"column":1}},"line":73},"6":{"name":"(anonymous_6)","decl":{"start":{"line":77,"column":79},"end":{"line":77,"column":80}},"loc":{"start":{"line":77,"column":91},"end":{"line":82,"column":5}},"line":77},"7":{"name":"(anonymous_7)","decl":{"start":{"line":89,"column":42},"end":{"line":89,"column":43}},"loc":{"start":{"line":89,"column":61},"end":{"line":96,"column":1}},"line":89},"8":{"name":"(anonymous_8)","decl":{"start":{"line":101,"column":29},"end":{"line":101,"column":30}},"loc":{"start":{"line":101,"column":48},"end":{"line":111,"column":1}},"line":101}},"branchMap":{"0":{"loc":{"start":{"line":32,"column":4},"end":{"line":35,"column":5}},"type":"if","locations":[{"start":{"line":32,"column":4},"end":{"line":35,"column":5}},{"start":{},"end":{}}],"line":32},"1":{"loc":{"start":{"line":43,"column":4},"end":{"line":43,"column":58}},"type":"if","locations":[{"start":{"line":43,"column":4},"end":{"line":43,"column":58}},{"start":{},"end":{}}],"line":43},"2":{"loc":{"start":{"line":92,"column":4},"end":{"line":94,"column":5}},"type":"if","locations":[{"start":{"line":92,"column":4},"end":{"line":94,"column":5}},{"start":{},"end":{}}],"line":92},"3":{"loc":{"start":{"line":105,"column":4},"end":{"line":108,"column":5}},"type":"if","locations":[{"start":{"line":105,"column":4},"end":{"line":108,"column":5}},{"start":{},"end":{}}],"line":105}},"s":{"0":0,"1":0,"2":0,"3":0,"4":0,"5":0,"6":0,"7":0,"8":0,"9":0,"10":0,"11":0,"12":0,"13":0,"14":0,"15":0,"16":0,"17":0,"18":0,"19":0,"20":0,"21":0,"22":0,"23":0,"24":0,"25":0,"26":0,"27":0,"28":0,"29":0,"30":0,"31":0,"32":0,"33":0,"34":0,"35":0,"36":0,"37":0,"38":0,"39":0},"f":{"0":0,"1":0,"2":0,"3":0,"4":0,"5":0,"6":0,"7":0,"8":0},"b":{"0":[0,0],"1":[0,0],"2":[0,0],"3":[0,0]}}
,"C:\\Users\\thara\\OneDrive\\Desktop\\devops_project\\server\\routes\\donor.js": {"path":"C:\\Users\\thara\\OneDrive\\Desktop\\devops_project\\server\\routes\\donor.js","statementMap":{"0":{"start":{"line":1,"column":13},"end":{"line":1,"column":42}},"1":{"start":{"line":2,"column":16},"end":{"line":2,"column":44}},"2":{"start":{"line":3,"column":15},"end":{"line":3,"column":42}},"3":{"start":{"line":4,"column":16},"end":{"line":4,"column":34}},"4":{"start":{"line":6,"column":15},"end":{"line":6,"column":31}},"5":{"start":{"line":8,"column":0},"end":{"line":15,"column":3}},"6":{"start":{"line":10,"column":4},"end":{"line":14,"column":7}},"7":{"start":{"line":12,"column":8},"end":{"line":12,"column":29}},"8":{"start":{"line":13,"column":8},"end":{"line":13,"column":75}},"9":{"start":{"line":17,"column":0},"end":{"line":34,"column":3}},"10":{"start":{"line":18,"column":60},"end":{"line":18,"column":68}},"11":{"start":{"line":26,"column":4},"end":{"line":33,"column":5}},"12":{"start":{"line":27,"column":8},"end":{"line":31,"column":10}},"13":{"start":{"line":30,"column":12},"end":{"line":30,"column":64}},"14":{"start":{"line":36,"column":0},"end":{"line":51,"column":3}},"15":{"start":{"line":37,"column":32},"end":{"line":37,"column":40}},"16":{"start":{"line":39,"column":30},"end":{"line":42,"column":5}},"17":{"start":{"line":41,"column":12},"end":{"line":41,"column":40}},"18":{"start":{"line":44,"column":4},"end":{"line":50,"column":5}},"19":{"start":{"line":45,"column":8},"end":{"line":49,"column":10}},"20":{"start":{"line":48,"column":12},"end":{"line":48,"column":62}},"21":{"start":{"line":53,"column":0},"end":{"line":58,"column":3}},"22":{"start":{"line":54,"column":4},"end":{"line":57,"column":7}},"23":{"start":{"line":55,"column":8},"end":{"line":55,"column":28}},"24":{"start":{"line":56,"column":8},"end":{"line":56,"column":37}},"25":{"start":{"line":60,"column":0},"end":{"line":70,"column":3}},"26":{"start":{"line":61,"column":35},"end":{"line":61,"column":43}},"27":{"start":{"line":63,"column":20},"end":{"line":63,"column":56}},"28":{"start":{"line":69,"column":4},"end":{"line":69,"column":69}},"29":{"start":{"line":69,"column":21},"end":{"line":69,"column":69}},"30":{"start":{"line":71,"column":0},"end":{"line":71,"column":24}}},"fnMap":{"0":{"name":"(anonymous_0)","decl":{"start":{"line":8,"column":47},"end":{"line":8,"column":48}},"loc":{"start":{"line":8,"column":67},"end":{"line":15,"column":1}},"line":8},"1":{"name":"(anonymous_1)","decl":{"start":{"line":10,"column":42},"end":{"line":10,"column":43}},"loc":{"start":{"line":10,"column":54},"end":{"line":14,"column":5}},"line":10},"2":{"name":"(anonymous_2)","decl":{"start":{"line":17,"column":56},"end":{"line":17,"column":57}},"loc":{"start":{"line":17,"column":76},"end":{"line":34,"column":1}},"line":17},"3":{"name":"(anonymous_3)","decl":{"start":{"line":29,"column":16},"end":{"line":29,"column":17}},"loc":{"start":{"line":29,"column":27},"end":{"line":31,"column":9}},"line":29},"4":{"name":"(anonymous_4)","decl":{"start":{"line":36,"column":56},"end":{"line":36,"column":57}},"loc":{"start":{"line":36,"column":76},"end":{"line":51,"column":1}},"line":36},"5":{"name":"(anonymous_5)","decl":{"start":{"line":40,"column":8},"end":{"line":40,"column":9}},"loc":{"start":{"line":40,"column":16},"end":{"line":41,"column":41}},"line":40},"6":{"name":"(anonymous_6)","decl":{"start":{"line":47,"column":16},"end":{"line":47,"column":17}},"loc":{"start":{"line":47,"column":27},"end":{"line":49,"column":9}},"line":47},"7":{"name":"(anonymous_7)","decl":{"start":{"line":53,"column":53},"end":{"line":53,"column":54}},"loc":{"start":{"line":53,"column":73},"end":{"line":58,"column":1}},"line":53},"8":{"name":"(anonymous_8)","decl":{"start":{"line":54,"column":41},"end":{"line":54,"column":42}},"loc":{"start":{"line":54,"column":52},"end":{"line":57,"column":5}},"line":54},"9":{"name":"(anonymous_9)","decl":{"start":{"line":60,"column":50},"end":{"line":60,"column":51}},"loc":{"start":{"line":60,"column":70},"end":{"line":70,"column":1}},"line":60}},"branchMap":{"0":{"loc":{"start":{"line":26,"column":4},"end":{"line":33,"column":5}},"type":"if","locations":[{"start":{"line":26,"column":4},"end":{"line":33,"column":5}},{"start":{},"end":{}}],"line":26},"1":{"loc":{"start":{"line":44,"column":4},"end":{"line":50,"column":5}},"type":"if","locations":[{"start":{"line":44,"column":4},"end":{"line":50,"column":5}},{"start":{},"end":{}}],"line":44},"2":{"loc":{"start":{"line":69,"column":4},"end":{"line":69,"column":69}},"type":"if","locations":[{"start":{"line":69,"column":4},"end":{"line":69,"column":69}},{"start":{},"end":{}}],"line":69}},"s":{"0":0,"1":0,"2":0,"3":0,"4":0,"5":0,"6":0,"7":0,"8":0,"9":0,"10":0,"11":0,"12":0,"13":0,"14":0,"15":0,"16":0,"17":0,"18":0,"19":0,"20":0,"21":0,"22":0,"23":0,"24":0,"25":0,"26":0,"27":0,"28":0,"29":0,"30":0},"f":{"0":0,"1":0,"2":0,"3":0,"4":0,"5":0,"6":0,"7":0,"8":0,"9":0},"b":{"0":[0,0],"1":[0,0],"2":[0,0]}}
,"C:\\Users\\thara\\OneDrive\\Desktop\\devops_project\\server\\routes\\index.js": {"path":"C:\\Users\\thara\\OneDrive\\Desktop\\devops_project\\server\\routes\\index.js","statementMap":{"0":{"start":{"line":1,"column":16},"end":{"line":1,"column":34}},"1":{"start":{"line":2,"column":20},"end":{"line":2,"column":41}},"2":{"start":{"line":3,"column":17},"end":{"line":3,"column":35}},"3":{"start":{"line":4,"column":17},"end":{"line":4,"column":35}},"4":{"start":{"line":5,"column":17},"end":{"line":5,"column":35}},"5":{"start":{"line":6,"column":21},"end":{"line":6,"column":43}},"6":{"start":{"line":8,"column":15},"end":{"line":8,"column":31}},"7":{"start":{"line":10,"column":0},"end":{"line":10,"column":24}},"8":{"start":{"line":11,"column":0},"end":{"line":11,"column":21}},"9":{"start":{"line":12,"column":0},"end":{"line":12,"column":21}},"10":{"start":{"line":13,"column":0},"end":{"line":13,"column":21}},"11":{"start":{"line":14,"column":0},"end":{"line":14,"column":25}},"12":{"start":{"line":16,"column":0},"end":{"line":16,"column":24}}},"fnMap":{},"branchMap":{},"s":{"0":0,"1":0,"2":0,"3":0,"4":0,"5":0,"6":0,"7":0,"8":0,"9":0,"10":0,"11":0,"12":0},"f":{},"b":{}}
,"C:\\Users\\thara\\OneDrive\\Desktop\\devops_project\\server\\routes\\login.js": {"path":"C:\\Users\\thara\\OneDrive\\Desktop\\devops_project\\server\\routes\\login.js","statementMap":{"0":{"start":{"line":1,"column":16},"end":{"line":1,"column":34}},"1":{"start":{"line":2,"column":13},"end":{"line":2,"column":38}},"2":{"start":{"line":3,"column":12},"end":{"line":3,"column":35}},"3":{"start":{"line":5,"column":15},"end":{"line":5,"column":31}},"4":{"start":{"line":7,"column":0},"end":{"line":37,"column":3}},"5":{"start":{"line":8,"column":30},"end":{"line":8,"column":38}},"6":{"start":{"line":10,"column":24},"end":{"line":14,"column":3}},"7":{"start":{"line":12,"column":6},"end":{"line":12,"column":34}},"8":{"start":{"line":15,"column":2},"end":{"line":15,"column":20}},"9":{"start":{"line":16,"column":2},"end":{"line":17,"column":70}},"10":{"start":{"line":17,"column":4},"end":{"line":17,"column":70}},"11":{"start":{"line":19,"column":2},"end":{"line":20,"column":70}},"12":{"start":{"line":20,"column":4},"end":{"line":20,"column":70}},"13":{"start":{"line":22,"column":18},"end":{"line":30,"column":5}},"14":{"start":{"line":31,"column":19},"end":{"line":34,"column":3}},"15":{"start":{"line":36,"column":2},"end":{"line":36,"column":76}},"16":{"start":{"line":39,"column":0},"end":{"line":39,"column":24}}},"fnMap":{"0":{"name":"(anonymous_0)","decl":{"start":{"line":7,"column":22},"end":{"line":7,"column":23}},"loc":{"start":{"line":7,"column":42},"end":{"line":37,"column":1}},"line":7},"1":{"name":"(anonymous_1)","decl":{"start":{"line":11,"column":4},"end":{"line":11,"column":5}},"loc":{"start":{"line":11,"column":13},"end":{"line":13,"column":5}},"line":11}},"branchMap":{"0":{"loc":{"start":{"line":16,"column":2},"end":{"line":17,"column":70}},"type":"if","locations":[{"start":{"line":16,"column":2},"end":{"line":17,"column":70}},{"start":{},"end":{}}],"line":16},"1":{"loc":{"start":{"line":19,"column":2},"end":{"line":20,"column":70}},"type":"if","locations":[{"start":{"line":19,"column":2},"end":{"line":20,"column":70}},{"start":{},"end":{}}],"line":19}},"s":{"0":0,"1":0,"2":0,"3":0,"4":0,"5":0,"6":0,"7":0,"8":0,"9":0,"10":0,"11":0,"12":0,"13":0,"14":0,"15":0,"16":0},"f":{"0":0,"1":0},"b":{"0":[0,0],"1":[0,0]}}
,"C:\\Users\\thara\\OneDrive\\Desktop\\devops_project\\server\\routes\\recipient.js": {"path":"C:\\Users\\thara\\OneDrive\\Desktop\\devops_project\\server\\routes\\recipient.js","statementMap":{"0":{"start":{"line":1,"column":13},"end":{"line":1,"column":42}},"1":{"start":{"line":2,"column":14},"end":{"line":2,"column":40}},"2":{"start":{"line":3,"column":16},"end":{"line":3,"column":44}},"3":{"start":{"line":4,"column":16},"end":{"line":4,"column":34}},"4":{"start":{"line":6,"column":15},"end":{"line":6,"column":31}},"5":{"start":{"line":8,"column":0},"end":{"line":14,"column":3}},"6":{"start":{"line":9,"column":4},"end":{"line":13,"column":7}},"7":{"start":{"line":11,"column":8},"end":{"line":11,"column":27}},"8":{"start":{"line":12,"column":8},"end":{"line":12,"column":75}},"9":{"start":{"line":17,"column":0},"end":{"line":34,"column":3}},"10":{"start":{"line":18,"column":47},"end":{"line":18,"column":55}},"11":{"start":{"line":20,"column":31},"end":{"line":23,"column":5}},"12":{"start":{"line":22,"column":12},"end":{"line":22,"column":40}},"13":{"start":{"line":25,"column":4},"end":{"line":26,"column":63}},"14":{"start":{"line":26,"column":8},"end":{"line":26,"column":62}},"15":{"start":{"line":28,"column":21},"end":{"line":28,"column":70}},"16":{"start":{"line":29,"column":23},"end":{"line":31,"column":67}},"17":{"start":{"line":30,"column":8},"end":{"line":30,"column":36}},"18":{"start":{"line":31,"column":8},"end":{"line":31,"column":64}},"19":{"start":{"line":33,"column":4},"end":{"line":33,"column":62}},"20":{"start":{"line":33,"column":22},"end":{"line":33,"column":62}},"21":{"start":{"line":36,"column":0},"end":{"line":36,"column":24}}},"fnMap":{"0":{"name":"(anonymous_0)","decl":{"start":{"line":8,"column":46},"end":{"line":8,"column":47}},"loc":{"start":{"line":8,"column":66},"end":{"line":14,"column":1}},"line":8},"1":{"name":"(anonymous_1)","decl":{"start":{"line":9,"column":40},"end":{"line":9,"column":41}},"loc":{"start":{"line":9,"column":50},"end":{"line":13,"column":5}},"line":9},"2":{"name":"(anonymous_2)","decl":{"start":{"line":17,"column":55},"end":{"line":17,"column":56}},"loc":{"start":{"line":17,"column":75},"end":{"line":34,"column":1}},"line":17},"3":{"name":"(anonymous_3)","decl":{"start":{"line":21,"column":8},"end":{"line":21,"column":9}},"loc":{"start":{"line":21,"column":16},"end":{"line":22,"column":41}},"line":21},"4":{"name":"(anonymous_4)","decl":{"start":{"line":29,"column":53},"end":{"line":29,"column":54}},"loc":{"start":{"line":29,"column":61},"end":{"line":31,"column":66}},"line":29}},"branchMap":{"0":{"loc":{"start":{"line":25,"column":4},"end":{"line":26,"column":63}},"type":"if","locations":[{"start":{"line":25,"column":4},"end":{"line":26,"column":63}},{"start":{},"end":{}}],"line":25},"1":{"loc":{"start":{"line":33,"column":4},"end":{"line":33,"column":62}},"type":"if","locations":[{"start":{"line":33,"column":4},"end":{"line":33,"column":62}},{"start":{},"end":{}}],"line":33}},"s":{"0":0,"1":0,"2":0,"3":0,"4":0,"5":0,"6":0,"7":0,"8":0,"9":0,"10":0,"11":0,"12":0,"13":0,"14":0,"15":0,"16":0,"17":0,"18":0,"19":0,"20":0,"21":0},"f":{"0":0,"1":0,"2":0,"3":0,"4":0},"b":{"0":[0,0],"1":[0,0]}}
,"C:\\Users\\thara\\OneDrive\\Desktop\\devops_project\\server\\routes\\register.js": {"path":"C:\\Users\\thara\\OneDrive\\Desktop\\devops_project\\server\\routes\\register.js","statementMap":{"0":{"start":{"line":1,"column":16},"end":{"line":1,"column":34}},"1":{"start":{"line":2,"column":13},"end":{"line":2,"column":38}},"2":{"start":{"line":4,"column":15},"end":{"line":4,"column":31}},"3":{"start":{"line":9,"column":0},"end":{"line":34,"column":2}},"4":{"start":{"line":10,"column":51},"end":{"line":10,"column":59}},"5":{"start":{"line":11,"column":4},"end":{"line":11,"column":29}},"6":{"start":{"line":12,"column":28},"end":{"line":15,"column":5}},"7":{"start":{"line":14,"column":12},"end":{"line":14,"column":40}},"8":{"start":{"line":17,"column":4},"end":{"line":18,"column":71}},"9":{"start":{"line":18,"column":8},"end":{"line":18,"column":70}},"10":{"start":{"line":20,"column":29},"end":{"line":23,"column":5}},"11":{"start":{"line":22,"column":12},"end":{"line":22,"column":40}},"12":{"start":{"line":25,"column":4},"end":{"line":26,"column":69}},"13":{"start":{"line":26,"column":8},"end":{"line":26,"column":68}},"14":{"start":{"line":28,"column":18},"end":{"line":28,"column":70}},"15":{"start":{"line":29,"column":20},"end":{"line":31,"column":68}},"16":{"start":{"line":30,"column":8},"end":{"line":30,"column":36}},"17":{"start":{"line":31,"column":8},"end":{"line":31,"column":65}},"18":{"start":{"line":33,"column":4},"end":{"line":33,"column":65}},"19":{"start":{"line":33,"column":19},"end":{"line":33,"column":65}},"20":{"start":{"line":40,"column":0},"end":{"line":50,"column":2}},"21":{"start":{"line":41,"column":20},"end":{"line":41,"column":28}},"22":{"start":{"line":43,"column":28},"end":{"line":43,"column":64}},"23":{"start":{"line":44,"column":4},"end":{"line":47,"column":5}},"24":{"start":{"line":45,"column":8},"end":{"line":45,"column":44}},"25":{"start":{"line":46,"column":8},"end":{"line":46,"column":64}},"26":{"start":{"line":49,"column":4},"end":{"line":49,"column":53}},"27":{"start":{"line":52,"column":0},"end":{"line":52,"column":23}}},"fnMap":{"0":{"name":"(anonymous_0)","decl":{"start":{"line":9,"column":25},"end":{"line":9,"column":26}},"loc":{"start":{"line":9,"column":44},"end":{"line":34,"column":1}},"line":9},"1":{"name":"(anonymous_1)","decl":{"start":{"line":13,"column":8},"end":{"line":13,"column":9}},"loc":{"start":{"line":13,"column":16},"end":{"line":14,"column":41}},"line":13},"2":{"name":"(anonymous_2)","decl":{"start":{"line":21,"column":8},"end":{"line":21,"column":9}},"loc":{"start":{"line":21,"column":16},"end":{"line":22,"column":41}},"line":21},"3":{"name":"(anonymous_3)","decl":{"start":{"line":29,"column":47},"end":{"line":29,"column":48}},"loc":{"start":{"line":29,"column":55},"end":{"line":31,"column":67}},"line":29},"4":{"name":"(anonymous_4)","decl":{"start":{"line":40,"column":28},"end":{"line":40,"column":29}},"loc":{"start":{"line":40,"column":47},"end":{"line":50,"column":1}},"line":40}},"branchMap":{"0":{"loc":{"start":{"line":17,"column":4},"end":{"line":18,"column":71}},"type":"if","locations":[{"start":{"line":17,"column":4},"end":{"line":18,"column":71}},{"start":{},"end":{}}],"line":17},"1":{"loc":{"start":{"line":25,"column":4},"end":{"line":26,"column":69}},"type":"if","locations":[{"start":{"line":25,"column":4},"end":{"line":26,"column":69}},{"start":{},"end":{}}],"line":25},"2":{"loc":{"start":{"line":33,"column":4},"end":{"line":33,"column":65}},"type":"if","locations":[{"start":{"line":33,"column":4},"end":{"line":33,"column":65}},{"start":{},"end":{}}],"line":33},"3":{"loc":{"start":{"line":44,"column":4},"end":{"line":47,"column":5}},"type":"if","locations":[{"start":{"line":44,"column":4},"end":{"line":47,"column":5}},{"start":{},"end":{}}],"line":44}},"s":{"0":0,"1":0,"2":0,"3":0,"4":0,"5":0,"6":0,"7":0,"8":0,"9":0,"10":0,"11":0,"12":0,"13":0,"14":0,"15":0,"16":0,"17":0,"18":0,"19":0,"20":0,"21":0,"22":0,"23":0,"24":0,"25":0,"26":0,"27":0},"f":{"0":0,"1":0,"2":0,"3":0,"4":0},"b":{"0":[0,0],"1":[0,0],"2":[0,0],"3":[0,0]}}
}
